{"/home/zharova_anna/frontend-project-lvl2/src/index.js": {"path":"/home/zharova_anna/frontend-project-lvl2/src/index.js","statementMap":{"0":{"start":{"line":8,"column":16},"end":{"line":83,"column":1}},"1":{"start":{"line":10,"column":22},"end":{"line":10,"column":80}},"2":{"start":{"line":10,"column":36},"end":{"line":10,"column":80}},"3":{"start":{"line":11,"column":19},"end":{"line":11,"column":80}},"4":{"start":{"line":11,"column":33},"end":{"line":11,"column":80}},"5":{"start":{"line":12,"column":28},"end":{"line":12,"column":47}},"6":{"start":{"line":13,"column":28},"end":{"line":13,"column":47}},"7":{"start":{"line":14,"column":19},"end":{"line":14,"column":48}},"8":{"start":{"line":16,"column":19},"end":{"line":16,"column":48}},"9":{"start":{"line":17,"column":22},"end":{"line":17,"column":38}},"10":{"start":{"line":19,"column":22},"end":{"line":19,"column":38}},"11":{"start":{"line":22,"column":21},"end":{"line":22,"column":64}},"12":{"start":{"line":24,"column":15},"end":{"line":24,"column":17}},"13":{"start":{"line":25,"column":2},"end":{"line":63,"column":5}},"14":{"start":{"line":26,"column":19},"end":{"line":26,"column":32}},"15":{"start":{"line":27,"column":19},"end":{"line":27,"column":32}},"16":{"start":{"line":28,"column":4},"end":{"line":42,"column":5}},"17":{"start":{"line":29,"column":6},"end":{"line":35,"column":7}},"18":{"start":{"line":30,"column":8},"end":{"line":34,"column":10}},"19":{"start":{"line":36,"column":6},"end":{"line":41,"column":8}},"20":{"start":{"line":43,"column":4},"end":{"line":49,"column":5}},"21":{"start":{"line":44,"column":6},"end":{"line":48,"column":8}},"22":{"start":{"line":50,"column":4},"end":{"line":56,"column":5}},"23":{"start":{"line":51,"column":6},"end":{"line":55,"column":8}},"24":{"start":{"line":57,"column":4},"end":{"line":57,"column":18}},"25":{"start":{"line":64,"column":16},"end":{"line":64,"column":18}},"26":{"start":{"line":65,"column":2},"end":{"line":79,"column":5}},"27":{"start":{"line":66,"column":4},"end":{"line":68,"column":5}},"28":{"start":{"line":67,"column":6},"end":{"line":67,"column":51}},"29":{"start":{"line":69,"column":4},"end":{"line":71,"column":5}},"30":{"start":{"line":70,"column":6},"end":{"line":70,"column":51}},"31":{"start":{"line":72,"column":4},"end":{"line":74,"column":5}},"32":{"start":{"line":73,"column":6},"end":{"line":73,"column":51}},"33":{"start":{"line":75,"column":4},"end":{"line":78,"column":5}},"34":{"start":{"line":76,"column":6},"end":{"line":76,"column":51}},"35":{"start":{"line":77,"column":6},"end":{"line":77,"column":51}},"36":{"start":{"line":80,"column":18},"end":{"line":80,"column":36}},"37":{"start":{"line":81,"column":18},"end":{"line":81,"column":38}},"38":{"start":{"line":82,"column":2},"end":{"line":82,"column":17}}},"fnMap":{"0":{"name":"(anonymous_0)","decl":{"start":{"line":8,"column":16},"end":{"line":8,"column":17}},"loc":{"start":{"line":8,"column":42},"end":{"line":83,"column":1}},"line":8},"1":{"name":"(anonymous_1)","decl":{"start":{"line":10,"column":22},"end":{"line":10,"column":23}},"loc":{"start":{"line":10,"column":36},"end":{"line":10,"column":80}},"line":10},"2":{"name":"(anonymous_2)","decl":{"start":{"line":11,"column":19},"end":{"line":11,"column":20}},"loc":{"start":{"line":11,"column":33},"end":{"line":11,"column":80}},"line":11},"3":{"name":"(anonymous_3)","decl":{"start":{"line":25,"column":26},"end":{"line":25,"column":27}},"loc":{"start":{"line":25,"column":35},"end":{"line":63,"column":3}},"line":25},"4":{"name":"(anonymous_4)","decl":{"start":{"line":65,"column":17},"end":{"line":65,"column":18}},"loc":{"start":{"line":65,"column":27},"end":{"line":79,"column":3}},"line":65}},"branchMap":{"0":{"loc":{"start":{"line":28,"column":4},"end":{"line":42,"column":5}},"type":"if","locations":[{"start":{"line":28,"column":4},"end":{"line":42,"column":5}},{"start":{},"end":{}}],"line":28},"1":{"loc":{"start":{"line":28,"column":8},"end":{"line":28,"column":52}},"type":"binary-expr","locations":[{"start":{"line":28,"column":8},"end":{"line":28,"column":28}},{"start":{"line":28,"column":32},"end":{"line":28,"column":52}}],"line":28},"2":{"loc":{"start":{"line":29,"column":6},"end":{"line":35,"column":7}},"type":"if","locations":[{"start":{"line":29,"column":6},"end":{"line":35,"column":7}},{"start":{},"end":{}}],"line":29},"3":{"loc":{"start":{"line":43,"column":4},"end":{"line":49,"column":5}},"type":"if","locations":[{"start":{"line":43,"column":4},"end":{"line":49,"column":5}},{"start":{},"end":{}}],"line":43},"4":{"loc":{"start":{"line":50,"column":4},"end":{"line":56,"column":5}},"type":"if","locations":[{"start":{"line":50,"column":4},"end":{"line":56,"column":5}},{"start":{},"end":{}}],"line":50},"5":{"loc":{"start":{"line":50,"column":8},"end":{"line":50,"column":53}},"type":"binary-expr","locations":[{"start":{"line":50,"column":8},"end":{"line":50,"column":29}},{"start":{"line":50,"column":33},"end":{"line":50,"column":53}}],"line":50},"6":{"loc":{"start":{"line":66,"column":4},"end":{"line":68,"column":5}},"type":"if","locations":[{"start":{"line":66,"column":4},"end":{"line":68,"column":5}},{"start":{},"end":{}}],"line":66},"7":{"loc":{"start":{"line":69,"column":4},"end":{"line":71,"column":5}},"type":"if","locations":[{"start":{"line":69,"column":4},"end":{"line":71,"column":5}},{"start":{},"end":{}}],"line":69},"8":{"loc":{"start":{"line":72,"column":4},"end":{"line":74,"column":5}},"type":"if","locations":[{"start":{"line":72,"column":4},"end":{"line":74,"column":5}},{"start":{},"end":{}}],"line":72},"9":{"loc":{"start":{"line":75,"column":4},"end":{"line":78,"column":5}},"type":"if","locations":[{"start":{"line":75,"column":4},"end":{"line":78,"column":5}},{"start":{},"end":{}}],"line":75}},"s":{"0":1,"1":1,"2":2,"3":1,"4":2,"5":1,"6":1,"7":1,"8":1,"9":1,"10":1,"11":1,"12":1,"13":1,"14":5,"15":5,"16":5,"17":2,"18":1,"19":1,"20":3,"21":2,"22":1,"23":1,"24":0,"25":1,"26":1,"27":5,"28":2,"29":5,"30":1,"31":5,"32":1,"33":5,"34":1,"35":1,"36":1,"37":1,"38":1},"f":{"0":1,"1":2,"2":2,"3":5,"4":5},"b":{"0":[2,3],"1":[5,4],"2":[1,1],"3":[2,1],"4":[1,0],"5":[1,1],"6":[2,3],"7":[1,4],"8":[1,4],"9":[1,4]},"_coverageSchema":"1a1c01bbd47fc00a2c39e90264f33305004495a9","hash":"f2409baafd7199ade9e3a5f1fd6bc8c15c5c23ac"}
}
