TN:
SF:src/index.js
FN:8,(anonymous_0)
FN:10,(anonymous_1)
FN:11,(anonymous_2)
FN:25,(anonymous_3)
FN:65,(anonymous_4)
FNF:5
FNH:5
FNDA:1,(anonymous_0)
FNDA:2,(anonymous_1)
FNDA:2,(anonymous_2)
FNDA:5,(anonymous_3)
FNDA:5,(anonymous_4)
DA:8,1
DA:10,2
DA:11,2
DA:12,1
DA:13,1
DA:14,1
DA:16,1
DA:17,1
DA:19,1
DA:22,1
DA:24,1
DA:25,1
DA:26,5
DA:27,5
DA:28,5
DA:29,2
DA:30,1
DA:36,1
DA:43,3
DA:44,2
DA:50,1
DA:51,1
DA:57,0
DA:64,1
DA:65,1
DA:66,5
DA:67,2
DA:69,5
DA:70,1
DA:72,5
DA:73,1
DA:75,5
DA:76,1
DA:77,1
DA:80,1
DA:81,1
DA:82,1
LF:37
LH:36
BRDA:28,0,0,2
BRDA:28,0,1,3
BRDA:28,1,0,5
BRDA:28,1,1,4
BRDA:29,2,0,1
BRDA:29,2,1,1
BRDA:43,3,0,2
BRDA:43,3,1,1
BRDA:50,4,0,1
BRDA:50,4,1,0
BRDA:50,5,0,1
BRDA:50,5,1,1
BRDA:66,6,0,2
BRDA:66,6,1,3
BRDA:69,7,0,1
BRDA:69,7,1,4
BRDA:72,8,0,1
BRDA:72,8,1,4
BRDA:75,9,0,1
BRDA:75,9,1,4
BRF:20
BRH:19
end_of_record
