TN:
SF:src/index.js
FN:8,genDiff
FN:10,getPathFile
FN:11,readFile
FNF:3
FNH:3
FNDA:1,genDiff
FNDA:2,getPathFile
FNDA:2,readFile
DA:1,1
DA:2,1
DA:3,1
DA:4,1
DA:5,1
DA:6,1
DA:7,1
DA:8,1
DA:9,1
DA:10,1
DA:11,1
DA:12,1
DA:13,1
DA:14,1
DA:15,1
DA:16,1
DA:17,1
DA:18,1
DA:19,1
DA:20,1
DA:21,1
DA:22,1
DA:23,1
DA:24,1
DA:25,1
DA:26,5
DA:27,5
DA:28,5
DA:29,2
DA:30,1
DA:31,1
DA:32,1
DA:33,1
DA:34,1
DA:35,1
DA:36,1
DA:37,1
DA:38,1
DA:39,1
DA:40,1
DA:41,1
DA:42,1
DA:43,5
DA:44,2
DA:45,2
DA:46,2
DA:47,2
DA:48,2
DA:49,2
DA:50,5
DA:51,1
DA:52,1
DA:53,1
DA:54,1
DA:55,1
DA:56,1
DA:57,0
DA:58,0
DA:59,0
DA:60,0
DA:61,0
DA:62,0
DA:63,0
DA:64,1
DA:65,1
DA:66,5
DA:67,2
DA:68,2
DA:69,5
DA:70,1
DA:71,1
DA:72,5
DA:73,1
DA:74,1
DA:75,5
DA:76,1
DA:77,1
DA:78,1
DA:79,5
DA:80,1
DA:81,1
DA:82,1
DA:83,1
DA:84,1
DA:85,1
DA:86,1
DA:87,1
DA:88,1
DA:89,1
DA:90,1
DA:91,1
DA:92,1
DA:93,1
DA:94,1
DA:95,1
LF:95
LH:88
BRDA:8,0,0,1
BRDA:10,1,0,2
BRDA:11,2,0,2
BRDA:25,3,0,5
BRDA:28,4,0,4
BRDA:28,5,0,2
BRDA:29,6,0,1
BRDA:43,7,0,3
BRDA:43,8,0,2
BRDA:50,9,0,1
BRDA:50,10,0,1
BRDA:57,11,0,0
BRDA:65,12,0,5
BRDA:66,13,0,2
BRDA:69,14,0,1
BRDA:72,15,0,1
BRDA:75,16,0,1
BRF:17
BRH:16
end_of_record
